#
# There is insufficient memory for the Java Runtime Environment to continue.
# Native memory allocation (malloc) failed to allocate 172816 bytes for Chunk::new
# Possible reasons:
#   The system is out of physical RAM or swap space
#   In 32 bit mode, the process size limit was hit
# Possible solutions:
#   Reduce memory load on the system
#   Increase physical memory or swap space
#   Check if swap backing store is full
#   Use 64 bit Java on a 64 bit OS
#   Decrease Java heap size (-Xmx/-Xms)
#   Decrease number of Java threads
#   Decrease Java thread stack sizes (-Xss)
#   Set larger code cache with -XX:ReservedCodeCacheSize=
# This output file may be truncated or incomplete.
#
#  Out of Memory Error (allocation.cpp:323), pid=15152, tid=32028
#
# JRE version: Java(TM) SE Runtime Environment (7.0_79-b15) (build 1.7.0_79-b15)
# Java VM: Java HotSpot(TM) 64-Bit Server VM (24.79-b02 mixed mode windows-amd64 compressed oops)
# Failed to write core dump. Minidumps are not enabled by default on client versions of Windows
#

---------------  T H R E A D  ---------------

Current thread (0x000000000c8ce000):  JavaThread "C2 CompilerThread1" daemon [_thread_in_native, id=32028, stack(0x000000000dbd0000,0x000000000dcd0000)]

Stack: [0x000000000dbd0000,0x000000000dcd0000]
[error occurred during error reporting (printing stack bounds), id 0xc0000005]


Current CompileTask:
C2:   5598  752   !         org.apache.tomcat.util.bcel.classfile.ClassParser::parse (294 bytes)


---------------  P R O C E S S  ---------------

Java Threads: ( => current thread )
  0x000000000cbb8000 JavaThread "localhost-startStop-1" daemon [_thread_in_native, id=33784, stack(0x0000000011ce0000,0x0000000011de0000)]
  0x000000000c9d6800 JavaThread "Tomcat-startStop-1" daemon [_thread_blocked, id=21820, stack(0x0000000011be0000,0x0000000011ce0000)]
  0x000000000c8de800 JavaThread "Service Thread" daemon [_thread_blocked, id=30248, stack(0x000000000dcd0000,0x000000000ddd0000)]
=>0x000000000c8ce000 JavaThread "C2 CompilerThread1" daemon [_thread_in_native, id=32028, stack(0x000000000dbd0000,0x000000000dcd0000)]
  0x000000000c8c8800 JavaThread "C2 CompilerThread0" daemon [_thread_in_native, id=136, stack(0x000000000dad0000,0x000000000dbd0000)]
  0x000000000c8c7800 JavaThread "Attach Listener" daemon [_thread_blocked, id=13316, stack(0x000000000d9d0000,0x000000000dad0000)]
  0x000000000c8c6800 JavaThread "Signal Dispatcher" daemon [_thread_blocked, id=12928, stack(0x000000000d8d0000,0x000000000d9d0000)]
  0x000000000b4fd800 JavaThread "Finalizer" daemon [_thread_blocked, id=6308, stack(0x000000000d7d0000,0x000000000d8d0000)]
  0x000000000b4f5000 JavaThread "Reference Handler" daemon [_thread_blocked, id=17568, stack(0x000000000d6d0000,0x000000000d7d0000)]
  0x0000000002c64800 JavaThread "main" [_thread_blocked, id=19924, stack(0x0000000002b60000,0x0000000002c60000)]

Other Threads:
  0x000000000b4ec000 VMThread [stack: 0x000000000d5d0000,0x000000000d6d0000] [id=21396]
  0x000000000c8f7800 WatcherThread [stack: 0x000000000ddd0000,0x000000000ded0000] [id=21248]

VM state:not at safepoint (normal execution)

VM Mutex/Monitor currently owned by a thread: None

Heap
 PSYoungGen      total 146944K, used 142447K [0x00000007d5f00000, 0x00000007e0600000, 0x0000000800000000)
  eden space 126976K, 96% used [0x00000007d5f00000,0x00000007dd69fac8,0x00000007ddb00000)
  from space 19968K, 99% used [0x00000007ddb00000,0x00000007dee7c3f8,0x00000007dee80000)
  to   space 15872K, 0% used [0x00000007dee80000,0x00000007dee80000,0x00000007dfe00000)
 ParOldGen       total 86016K, used 34752K [0x0000000781e00000, 0x0000000787200000, 0x00000007d5f00000)
  object space 86016K, 40% used [0x0000000781e00000,0x0000000783ff02f8,0x0000000787200000)
 PSPermGen       total 25088K, used 25002K [0x000000077cc00000, 0x000000077e480000, 0x0000000781e00000)
  object space 25088K, 99% used [0x000000077cc00000,0x000000077e46aa98,0x000000077e480000)

Card table byte_map: [0x0000000005e20000,0x0000000006240000] byte_map_base: 0x000000000223a000

Polling page: 0x00000000029c0000

Code Cache  [0x0000000002d60000, 0x0000000002fd0000, 0x0000000005d60000)
 total_blobs=1019 nmethods=682 adapters=289 free_code_cache=46975Kb largest_free_block=47907392

Compilation events (10 events):
Event: 5.544 Thread 0x000000000c8ce000 nmethod 747 0x0000000002e05950 code [0x0000000002e05a80, 0x0000000002e05b18]
Event: 5.545 Thread 0x000000000c8ce000  748             java.util.jar.JarFile$JarFileEntry::<init> (11 bytes)
Event: 5.545 Thread 0x000000000c8ce000 nmethod 748 0x0000000002e05610 code [0x0000000002e05740, 0x0000000002e05838]
Event: 5.545 Thread 0x000000000c8ce000  749             java.io.Win32FileSystem::prefixLength (91 bytes)
Event: 5.546 Thread 0x000000000c8ce000 nmethod 749 0x0000000002f96250 code [0x0000000002f963a0, 0x0000000002f96518]
Event: 5.566 Thread 0x000000000c8ce000  750             java.io.DataInputStream::<init> (30 bytes)
Event: 5.568 Thread 0x000000000c8ce000 nmethod 750 0x0000000002f95d90 code [0x0000000002f95ee0, 0x0000000002f96138]
Event: 5.568 Thread 0x000000000c8ce000  751             org.apache.tomcat.util.bcel.classfile.ClassParser::<init> (90 bytes)
Event: 5.578 Thread 0x000000000c8ce000 nmethod 751 0x0000000002ec4f50 code [0x0000000002ec50e0, 0x0000000002ec58e8]
Event: 5.578 Thread 0x000000000c8ce000  752   !         org.apache.tomcat.util.bcel.classfile.ClassParser::parse (294 bytes)

GC Heap History (10 events):
Event: 2.871 GC heap before
{Heap before GC invocations=5 (full 0):
 PSYoungGen      total 37888K, used 37880K [0x00000007d5f00000, 0x00000007da900000, 0x0000000800000000)
  eden space 32768K, 100% used [0x00000007d5f00000,0x00000007d7f00000,0x00000007d7f00000)
  from space 5120K, 99% used [0x00000007d8400000,0x00000007d88fe030,0x00000007d8900000)
  to   space 5120K, 0% used [0x00000007d7f00000,0x00000007d7f00000,0x00000007d8400000)
 ParOldGen       total 86016K, used 5948K [0x0000000781e00000, 0x0000000787200000, 0x00000007d5f00000)
  object space 86016K, 6% used [0x0000000781e00000,0x00000007823cf088,0x0000000787200000)
 PSPermGen       total 21504K, used 18064K [0x000000077cc00000, 0x000000077e100000, 0x0000000781e00000)
  object space 21504K, 84% used [0x000000077cc00000,0x000000077dda4180,0x000000077e100000)
Event: 2.879 GC heap after
Heap after GC invocations=5 (full 0):
 PSYoungGen      total 37888K, used 5096K [0x00000007d5f00000, 0x00000007db700000, 0x0000000800000000)
  eden space 32768K, 0% used [0x00000007d5f00000,0x00000007d5f00000,0x00000007d7f00000)
  from space 5120K, 99% used [0x00000007d7f00000,0x00000007d83fa050,0x00000007d8400000)
  to   space 12288K, 0% used [0x00000007dab00000,0x00000007dab00000,0x00000007db700000)
 ParOldGen       total 86016K, used 13048K [0x0000000781e00000, 0x0000000787200000, 0x00000007d5f00000)
  object space 86016K, 15% used [0x0000000781e00000,0x0000000782abe270,0x0000000787200000)
 PSPermGen       total 21504K, used 18064K [0x000000077cc00000, 0x000000077e100000, 0x0000000781e00000)
  object space 21504K, 84% used [0x000000077cc00000,0x000000077dda4180,0x000000077e100000)
}
Event: 3.213 GC heap before
{Heap before GC invocations=6 (full 0):
 PSYoungGen      total 37888K, used 37864K [0x00000007d5f00000, 0x00000007db700000, 0x0000000800000000)
  eden space 32768K, 100% used [0x00000007d5f00000,0x00000007d7f00000,0x00000007d7f00000)
  from space 5120K, 99% used [0x00000007d7f00000,0x00000007d83fa050,0x00000007d8400000)
  to   space 12288K, 0% used [0x00000007dab00000,0x00000007dab00000,0x00000007db700000)
 ParOldGen       total 86016K, used 13048K [0x0000000781e00000, 0x0000000787200000, 0x00000007d5f00000)
  object space 86016K, 15% used [0x0000000781e00000,0x0000000782abe270,0x0000000787200000)
 PSPermGen       total 21504K, used 18718K [0x000000077cc00000, 0x000000077e100000, 0x0000000781e00000)
  object space 21504K, 87% used [0x000000077cc00000,0x000000077de47970,0x000000077e100000)
Event: 3.220 GC heap after
Heap after GC invocations=6 (full 0):
 PSYoungGen      total 75776K, used 7817K [0x00000007d5f00000, 0x00000007db500000, 0x0000000800000000)
  eden space 65536K, 0% used [0x00000007d5f00000,0x00000007d5f00000,0x00000007d9f00000)
  from space 10240K, 76% used [0x00000007dab00000,0x00000007db2a2510,0x00000007db500000)
  to   space 11264K, 0% used [0x00000007d9f00000,0x00000007d9f00000,0x00000007daa00000)
 ParOldGen       total 86016K, used 13056K [0x0000000781e00000, 0x0000000787200000, 0x00000007d5f00000)
  object space 86016K, 15% used [0x0000000781e00000,0x0000000782ac0270,0x0000000787200000)
 PSPermGen       total 21504K, used 18718K [0x000000077cc00000, 0x000000077e100000, 0x0000000781e00000)
  object space 21504K, 87% used [0x000000077cc00000,0x000000077de47970,0x000000077e100000)
}
Event: 4.382 GC heap before
{Heap before GC invocations=7 (full 0):
 PSYoungGen      total 75776K, used 73353K [0x00000007d5f00000, 0x00000007db500000, 0x0000000800000000)
  eden space 65536K, 100% used [0x00000007d5f00000,0x00000007d9f00000,0x00000007d9f00000)
  from space 10240K, 76% used [0x00000007dab00000,0x00000007db2a2510,0x00000007db500000)
  to   space 11264K, 0% used [0x00000007d9f00000,0x00000007d9f00000,0x00000007daa00000)
 ParOldGen       total 86016K, used 13056K [0x0000000781e00000, 0x0000000787200000, 0x00000007d5f00000)
  object space 86016K, 15% used [0x0000000781e00000,0x0000000782ac0270,0x0000000787200000)
 PSPermGen       total 25088K, used 24935K [0x000000077cc00000, 0x000000077e480000, 0x0000000781e00000)
  object space 25088K, 99% used [0x000000077cc00000,0x000000077e459c40,0x000000077e480000)
Event: 4.395 GC heap after
Heap after GC invocations=7 (full 0):
 PSYoungGen      total 76800K, used 11234K [0x00000007d5f00000, 0x00000007dfe00000, 0x0000000800000000)
  eden space 65536K, 0% used [0x00000007d5f00000,0x00000007d5f00000,0x00000007d9f00000)
  from space 11264K, 99% used [0x00000007d9f00000,0x00000007da9f8878,0x00000007daa00000)
  to   space 15872K, 0% used [0x00000007dee80000,0x00000007dee80000,0x00000007dfe00000)
 ParOldGen       total 86016K, used 19490K [0x0000000781e00000, 0x0000000787200000, 0x00000007d5f00000)
  object space 86016K, 22% used [0x0000000781e00000,0x0000000783108930,0x0000000787200000)
 PSPermGen       total 25088K, used 24935K [0x000000077cc00000, 0x000000077e480000, 0x0000000781e00000)
  object space 25088K, 99% used [0x000000077cc00000,0x000000077e459c40,0x000000077e480000)
}
Event: 4.673 GC heap before
{Heap before GC invocations=8 (full 0):
 PSYoungGen      total 76800K, used 76770K [0x00000007d5f00000, 0x00000007dfe00000, 0x0000000800000000)
  eden space 65536K, 100% used [0x00000007d5f00000,0x00000007d9f00000,0x00000007d9f00000)
  from space 11264K, 99% used [0x00000007d9f00000,0x00000007da9f8878,0x00000007daa00000)
  to   space 15872K, 0% used [0x00000007dee80000,0x00000007dee80000,0x00000007dfe00000)
 ParOldGen       total 86016K, used 19490K [0x0000000781e00000, 0x0000000787200000, 0x00000007d5f00000)
  object space 86016K, 22% used [0x0000000781e00000,0x0000000783108930,0x0000000787200000)
 PSPermGen       total 25088K, used 24970K [0x000000077cc00000, 0x000000077e480000, 0x0000000781e00000)
  object space 25088K, 99% used [0x000000077cc00000,0x000000077e462890,0x000000077e480000)
Event: 4.684 GC heap after
Heap after GC invocations=8 (full 0):
 PSYoungGen      total 142848K, used 15855K [0x00000007d5f00000, 0x00000007e0600000, 0x0000000800000000)
  eden space 126976K, 0% used [0x00000007d5f00000,0x00000007d5f00000,0x00000007ddb00000)
  from space 15872K, 99% used [0x00000007dee80000,0x00000007dfdfbed0,0x00000007dfe00000)
  to   space 19968K, 0% used [0x00000007ddb00000,0x00000007ddb00000,0x00000007dee80000)
 ParOldGen       total 86016K, used 24019K [0x0000000781e00000, 0x0000000787200000, 0x00000007d5f00000)
  object space 86016K, 27% used [0x0000000781e00000,0x0000000783574c90,0x0000000787200000)
 PSPermGen       total 25088K, used 24970K [0x000000077cc00000, 0x000000077e480000, 0x0000000781e00000)
  object space 25088K, 99% used [0x000000077cc00000,0x000000077e462890,0x000000077e480000)
}
Event: 5.130 GC heap before
{Heap before GC invocations=9 (full 0):
 PSYoungGen      total 142848K, used 142831K [0x00000007d5f00000, 0x00000007e0600000, 0x0000000800000000)
  eden space 126976K, 100% used [0x00000007d5f00000,0x00000007ddb00000,0x00000007ddb00000)
  from space 15872K, 99% used [0x00000007dee80000,0x00000007dfdfbed0,0x00000007dfe00000)
  to   space 19968K, 0% used [0x00000007ddb00000,0x00000007ddb00000,0x00000007dee80000)
 ParOldGen       total 86016K, used 24019K [0x0000000781e00000, 0x0000000787200000, 0x00000007d5f00000)
  object space 86016K, 27% used [0x0000000781e00000,0x0000000783574c90,0x0000000787200000)
 PSPermGen       total 25088K, used 25000K [0x000000077cc00000, 0x000000077e480000, 0x0000000781e00000)
  object space 25088K, 99% used [0x000000077cc00000,0x000000077e46a0a8,0x000000077e480000)
Event: 5.149 GC heap after
Heap after GC invocations=9 (full 0):
 PSYoungGen      total 146944K, used 19952K [0x00000007d5f00000, 0x00000007e0600000, 0x0000000800000000)
  eden space 126976K, 0% used [0x00000007d5f00000,0x00000007d5f00000,0x00000007ddb00000)
  from space 19968K, 99% used [0x00000007ddb00000,0x00000007dee7c3f8,0x00000007dee80000)
  to   space 15872K, 0% used [0x00000007dee80000,0x00000007dee80000,0x00000007dfe00000)
 ParOldGen       total 86016K, used 34752K [0x0000000781e00000, 0x0000000787200000, 0x00000007d5f00000)
  object space 86016K, 40% used [0x0000000781e00000,0x0000000783ff02f8,0x0000000787200000)
 PSPermGen       total 25088K, used 25000K [0x000000077cc00000, 0x000000077e480000, 0x0000000781e00000)
  object space 25088K, 99% used [0x000000077cc00000,0x000000077e46a0a8,0x000000077e480000)
}

Deoptimization events (10 events):
Event: 4.209 Thread 0x000000000cbb8000 Uncommon trap: reason=class_check action=maybe_recompile pc=0x0000000002f287cc method=sun.misc.URLClassPath.findResource(Ljava/lang/String;Z)Ljava/net/URL; @ 17
Event: 4.210 Thread 0x000000000cbb8000 Uncommon trap: reason=class_check action=maybe_recompile pc=0x0000000002f287cc method=sun.misc.URLClassPath.findResource(Ljava/lang/String;Z)Ljava/net/URL; @ 17
Event: 4.270 Thread 0x000000000cbb8000 Uncommon trap: reason=unloaded action=reinterpret pc=0x0000000002f584bc method=org.apache.tomcat.util.bcel.classfile.Attribute.readAttribute(Ljava/io/DataInputStream;Lorg/apache/tomcat/util/bcel/classfile/ConstantPool;)Lorg/apache/tomcat/util/bcel/classfil±vÀøÇf@
Event: 4.350 Thread 0x000000000cbb8000 Uncommon trap: reason=unloaded action=reinterpret pc=0x0000000002f35e50 method=org.apache.tomcat.util.bcel.classfile.Constant.readConstant(Ljava/io/DataInputStream;)Lorg/apache/tomcat/util/bcel/classfile/Constant; @ 146
Event: 4.350 Thread 0x000000000cbb8000 Uncommon trap: reason=unloaded action=reinterpret pc=0x0000000002efba38 method=org.apache.tomcat.util.bcel.classfile.Constant.readConstant(Ljava/io/DataInputStream;)Lorg/apache/tomcat/util/bcel/classfile/Constant; @ 146
Event: 4.414 Thread 0x000000000cbb8000 Uncommon trap: reason=unloaded action=reinterpret pc=0x0000000002f72b74 method=org.apache.tomcat.util.bcel.classfile.Attribute.readAttribute(Ljava/io/DataInputStream;Lorg/apache/tomcat/util/bcel/classfile/ConstantPool;)Lorg/apache/tomcat/util/bcel/classfilè)-‰ûÀ@
Event: 4.449 Thread 0x000000000cbb8000 Uncommon trap: reason=unloaded action=reinterpret pc=0x0000000002f614f4 method=org.apache.tomcat.util.bcel.classfile.Attribute.readAttribute(Ljava/io/DataInputStream;Lorg/apache/tomcat/util/bcel/classfile/ConstantPool;)Lorg/apache/tomcat/util/bcel/classfilÈµG\R@
Event: 4.580 Thread 0x000000000cbb8000 Uncommon trap: reason=unreached action=reinterpret pc=0x0000000002f6bf28 method=java.util.HashMap.removeEntryForKey(Ljava/lang/Object;)Ljava/util/HashMap$Entry; @ 47
Event: 4.786 Thread 0x000000000cbb8000 Uncommon trap: reason=null_check action=make_not_entrant pc=0x0000000002f9d970 method=org.apache.catalina.startup.ContextConfig.populateSCIsForCacheEntry(Lorg/apache/catalina/startup/ContextConfig$JavaClassCacheEntry;)V @ 23
Event: 4.851 Thread 0x000000000cbb8000 Uncommon trap: reason=null_check action=make_not_entrant pc=0x0000000002fa7b54 method=org.apache.catalina.startup.ContextConfig.populateSCIsForCacheEntry(Lorg/apache/catalina/startup/ContextConfig$JavaClassCacheEntry;)V @ 131

Internal exceptions (10 events):
Event: 4.213 Thread 0x000000000cbb8000 Threw 0x00000007d88c1b08 at C:\re\jdk7u79\2331\hotspot\src\share\vm\prims\jvm.cpp:1304
Event: 4.495 Thread 0x000000000cbb8000 Threw 0x00000007d708fd28 at C:\re\jdk7u79\2331\hotspot\src\share\vm\prims\jvm.cpp:1304
Event: 4.496 Thread 0x000000000cbb8000 Threw 0x00000007d7095848 at C:\re\jdk7u79\2331\hotspot\src\share\vm\prims\jvm.cpp:1304
Event: 4.496 Thread 0x000000000cbb8000 Threw 0x00000007d7095e68 at C:\re\jdk7u79\2331\hotspot\src\share\vm\prims\jvm.cpp:1304
Event: 4.496 Thread 0x000000000cbb8000 Threw 0x00000007d70a1d88 at C:\re\jdk7u79\2331\hotspot\src\share\vm\prims\jvm.cpp:1304
Event: 4.496 Thread 0x000000000cbb8000 Threw 0x00000007d70a2530 at C:\re\jdk7u79\2331\hotspot\src\share\vm\prims\jvm.cpp:1304
Event: 4.497 Thread 0x000000000cbb8000 Threw 0x00000007d70dd330 at C:\re\jdk7u79\2331\hotspot\src\share\vm\prims\jvm.cpp:1304
Event: 4.497 Thread 0x000000000cbb8000 Threw 0x00000007d70dd9f0 at C:\re\jdk7u79\2331\hotspot\src\share\vm\prims\jvm.cpp:1304
Event: 4.786 Thread 0x000000000cbb8000 Implicit null exception at 0x0000000002f9b60c to 0x0000000002f9d959
Event: 4.851 Thread 0x000000000cbb8000 Implicit null exception at 0x0000000002fa6889 to 0x0000000002fa7b49

Events (10 events):
Event: 5.219 Executing VM operation: RevokeBias
Event: 5.219 Executing VM operation: RevokeBias done
Event: 5.314 Thread 0x000000000c8ce000 flushing nmethod 0x0000000002efb5d0
Event: 5.315 Thread 0x000000000c8ce000 flushing nmethod 0x0000000002f27fd0
Event: 5.315 Thread 0x000000000c8ce000 flushing nmethod 0x0000000002f35690
Event: 5.315 Thread 0x000000000c8ce000 flushing nmethod 0x0000000002f57a10
Event: 5.333 Executing VM operation: RevokeBias
Event: 5.333 Executing VM operation: RevokeBias done
Event: 5.376 Executing VM operation: RevokeBias
Event: 5.376 Executing VM operation: RevokeBias done


Dynamic libraries:
0x00007ff6ad0f0000 - 0x00007ff6ad123000 	C:\Program Files\Java\jdk1.7.0_79\bin\javaw.exe
0x00007ff9dfbd0000 - 0x00007ff9dfda2000 	C:\Windows\SYSTEM32\ntdll.dll
0x00007ff9df420000 - 0x00007ff9df4cc000 	C:\Windows\System32\KERNEL32.DLL
0x00007ff9dcc10000 - 0x00007ff9dce2d000 	C:\Windows\System32\KERNELBASE.dll
0x00007ff9da380000 - 0x00007ff9da3fa000 	C:\Windows\system32\apphelp.dll
0x00007ff9a53c0000 - 0x00007ff9a5842000 	C:\Windows\AppPatch\AppPatch64\AcLayers.DLL
0x00007ff9dfb30000 - 0x00007ff9dfbce000 	C:\Windows\System32\msvcrt.dll
0x00007ff9de730000 - 0x00007ff9de895000 	C:\Windows\System32\USER32.dll
0x00007ff9dcf80000 - 0x00007ff9dcf9e000 	C:\Windows\System32\win32u.dll
0x00007ff9df190000 - 0x00007ff9df1c4000 	C:\Windows\System32\GDI32.dll
0x00007ff9dca30000 - 0x00007ff9dcbb0000 	C:\Windows\System32\gdi32full.dll
0x00007ff9df290000 - 0x00007ff9df2e2000 	C:\Windows\System32\SHLWAPI.dll
0x00007ff9df580000 - 0x00007ff9df848000 	C:\Windows\System32\combase.dll
0x00007ff9dce80000 - 0x00007ff9dcf75000 	C:\Windows\System32\ucrtbase.dll
0x00007ff9df2f0000 - 0x00007ff9df411000 	C:\Windows\System32\RPCRT4.dll
0x00007ff9dbe80000 - 0x00007ff9dbeea000 	C:\Windows\System32\bcryptPrimitives.dll
0x0000000000770000 - 0x0000000000773000 	C:\Windows\SYSTEM32\sfc.dll
0x00007ff9d3ec0000 - 0x00007ff9d3f46000 	C:\Windows\SYSTEM32\WINSPOOL.DRV
0x00007ff9db9c0000 - 0x00007ff9db9eb000 	C:\Windows\SYSTEM32\bcrypt.dll
0x00007ff9b2dd0000 - 0x00007ff9b2de1000 	C:\Windows\SYSTEM32\sfc_os.DLL
0x00007ff9d8c30000 - 0x00007ff9d8c41000 	C:\Windows\SYSTEM32\SortWindows61.dll
0x00007ff9de9a0000 - 0x00007ff9de9ce000 	C:\Windows\System32\IMM32.DLL
0x00007ff9df4d0000 - 0x00007ff9df572000 	C:\Windows\System32\ADVAPI32.dll
0x00007ff9df1d0000 - 0x00007ff9df229000 	C:\Windows\System32\sechost.dll
0x00007ff9d3760000 - 0x00007ff9d39da000 	C:\Windows\WinSxS\amd64_microsoft.windows.common-controls_6595b64144ccf1df_6.0.14393.953_none_42151e83c686086b\COMCTL32.dll
0x00000000573c0000 - 0x0000000057492000 	C:\Program Files\Java\jdk1.7.0_79\jre\bin\msvcr100.dll
0x0000000055b70000 - 0x0000000056345000 	C:\Program Files\Java\jdk1.7.0_79\jre\bin\server\jvm.dll
0x00007ff9dc790000 - 0x00007ff9dc7b3000 	C:\Windows\System32\WINMM.dll
0x00007ff9dbe40000 - 0x00007ff9dbe6b000 	C:\Windows\System32\WINMMBASE.dll
0x00007ff9dce30000 - 0x00007ff9dce72000 	C:\Windows\System32\cfgmgr32.dll
0x00007ff9ca100000 - 0x00007ff9ca109000 	C:\Windows\SYSTEM32\WSOCK32.dll
0x00007ff9df850000 - 0x00007ff9df858000 	C:\Windows\System32\PSAPI.DLL
0x00007ff9de6c0000 - 0x00007ff9de72a000 	C:\Windows\System32\WS2_32.dll
0x00000000573b0000 - 0x00000000573bf000 	C:\Program Files\Java\jdk1.7.0_79\jre\bin\verify.dll
0x0000000055b40000 - 0x0000000055b68000 	C:\Program Files\Java\jdk1.7.0_79\jre\bin\java.dll
0x0000000055b20000 - 0x0000000055b35000 	C:\Program Files\Java\jdk1.7.0_79\jre\bin\zip.dll
0x0000000055b00000 - 0x0000000055b1a000 	C:\Program Files\Java\jdk1.7.0_79\jre\bin\net.dll
0x00007ff9db710000 - 0x00007ff9db76c000 	C:\Windows\system32\mswsock.dll
0x0000000055ae0000 - 0x0000000055af1000 	C:\Program Files\Java\jdk1.7.0_79\jre\bin\nio.dll
0x00007ff9db8b0000 - 0x00007ff9db8c7000 	C:\Windows\SYSTEM32\CRYPTSP.dll
0x00007ff9db310000 - 0x00007ff9db343000 	C:\Windows\system32\rsaenh.dll
0x00007ff9db590000 - 0x00007ff9db5af000 	C:\Windows\SYSTEM32\USERENV.dll
0x00007ff9dbe10000 - 0x00007ff9dbe24000 	C:\Windows\System32\profapi.dll
0x00007ff9db8d0000 - 0x00007ff9db8db000 	C:\Windows\SYSTEM32\CRYPTBASE.dll
0x00007ff9db490000 - 0x00007ff9db4c8000 	C:\Windows\SYSTEM32\IPHLPAPI.DLL
0x00007ff9de4b0000 - 0x00007ff9de4b8000 	C:\Windows\System32\NSI.dll
0x00007ff9d48e0000 - 0x00007ff9d48f6000 	C:\Windows\SYSTEM32\dhcpcsvc6.DLL
0x00007ff9d48c0000 - 0x00007ff9d48da000 	C:\Windows\SYSTEM32\dhcpcsvc.DLL
0x0000000055ad0000 - 0x0000000055adb000 	C:\Program Files\Java\jdk1.7.0_79\jre\bin\management.dll

VM Arguments:
jvm_args: -Dmaven.home=D:\Program Files\apache-maven-3.1.1 -Dclassworlds.conf=D:\MAVEN\.metadata\.plugins\org.eclipse.m2e.launching\launches\m2conf1653975554848400776.tmp -Dfile.encoding=UTF-8 
java_command: org.codehaus.plexus.classworlds.launcher.Launcher -B -s D:\Program Files\apache-maven-3.1.1\conf\settings.xml tomcat7:run
Launcher Type: SUN_STANDARD

Environment Variables:
JAVA_HOME=C:\Program Files\Java\jdk1.7.0_79
PATH=E:\app\QSY\DB\product\11.2.0\dbhome_1\bin;C:\Program Files (x86)\Intel\iCLS Client\;C:\Program Files\Intel\iCLS Client\;C:\Windows\system32;C:\Windows;C:\Windows\System32\Wbem;C:\Windows\System32\WindowsPowerShell\v1.0\;C:\Program Files (x86)\NVIDIA Corporation\PhysX\Common;C:\Program Files (x86)\Intel\Intel(R) Management Engine Components\DAL;C:\Program Files\Intel\Intel(R) Management Engine Components\DAL;C:\Program Files (x86)\Intel\Intel(R) Management Engine Components\IPT;C:\Program Files\Intel\Intel(R) Management Engine Components\IPT;C:\Program Files\Java\jdk1.7.0_79\bin;C:\Program Files\MySQL\MySQL Server 5.5\bin;D:\Program Files\apache-maven-3.1.1\bin;C:\Program Files (x86)\VisualSVN Server\bin;C:\Users\ONE\AppData\Local\Microsoft\WindowsApps;;D:\Program Files\ssh;D:\Program Files\SSH Communications Security\SSH Secure Shell
USERNAME=QSY
OS=Windows_NT
PROCESSOR_IDENTIFIER=Intel64 Family 6 Model 158 Stepping 9, GenuineIntel



---------------  S Y S T E M  ---------------

OS: Windows 7 , 64 bit Build 7600 

CPU:total 8 (4 cores per cpu, 2 threads per core) family 6 model 158 stepping 9, cmov, cx8, fxsr, mmx, sse, sse2, sse3, ssse3, sse4.1, sse4.2, popcnt, avx, avx2, aes, erms, ht, tsc, tscinvbit

Memory: 4k page, physical 8260772k(882244k free), swap 16125088k(4140k free)

vm_info: Java HotSpot(TM) 64-Bit Server VM (24.79-b02) for windows-amd64 JRE (1.7.0_79-b15), built on Apr 10 2015 12:36:16 by "java_re" with unknown MS VC++:1600

time: Fri Sep 29 17:37:07 2017
elapsed time: 5 seconds

